2019-04-25 05:11:42 | INFO | Model Folder: saved/correct/
2019-04-25 05:11:42 | INFO | Config: None
2019-04-25 05:11:42 | INFO | Using device: cuda
2019-04-25 05:11:42 | INFO | Loading dataset...
2019-04-25 05:11:43 | INFO | loading vocabulary file https://s3.amazonaws.com/models.huggingface.co/bert/bert-large-cased-vocab.txt from cache at /home/u/adamlin/.pytorch_pretrained_bert/cee054f6aafe5e2cf816d2228704e326446785f940f5451a5b26033516a4ac3d.e13dbb970cb325137104fb2e5f36fe865f27746c6b526f6352861b1980eb80b1
2019-04-25 05:11:44 | INFO | loading vocabulary file https://s3.amazonaws.com/models.huggingface.co/bert/bert-large-cased-vocab.txt from cache at /home/u/adamlin/.pytorch_pretrained_bert/cee054f6aafe5e2cf816d2228704e326446785f940f5451a5b26033516a4ac3d.e13dbb970cb325137104fb2e5f36fe865f27746c6b526f6352861b1980eb80b1
2019-04-25 05:11:44 | INFO | Constructing data loader...
2019-04-25 05:11:44 | INFO | Start training...
2019-04-25 05:11:45 | INFO | loading archive file https://s3.amazonaws.com/models.huggingface.co/bert/bert-large-cased.tar.gz from cache at /home/u/adamlin/.pytorch_pretrained_bert/7fb0534b83c42daee7d3ddb0ebaa81387925b71665d6ea195c5447f1077454cd.eea60d9ebb03c75bb36302aa9d241d3b7a04bba39c360cf035e8bf8140816233
2019-04-25 05:11:45 | INFO | extracting archive file /home/u/adamlin/.pytorch_pretrained_bert/7fb0534b83c42daee7d3ddb0ebaa81387925b71665d6ea195c5447f1077454cd.eea60d9ebb03c75bb36302aa9d241d3b7a04bba39c360cf035e8bf8140816233 to temp dir /tmp/tmpwki5sbt1
2019-04-25 05:11:57 | INFO | Model config {
  "attention_probs_dropout_prob": 0.1,
  "directionality": "bidi",
  "hidden_act": "gelu",
  "hidden_dropout_prob": 0.1,
  "hidden_size": 1024,
  "initializer_range": 0.02,
  "intermediate_size": 4096,
  "max_position_embeddings": 512,
  "num_attention_heads": 16,
  "num_hidden_layers": 24,
  "pooler_fc_size": 768,
  "pooler_num_attention_heads": 12,
  "pooler_num_fc_layers": 3,
  "pooler_size_per_head": 128,
  "pooler_type": "first_token_transform",
  "type_vocab_size": 2,
  "vocab_size": 28996
}

2019-04-25 12:55:51 | INFO | Model Folder: saved/correct/
2019-04-25 12:55:51 | INFO | Config: None
2019-04-25 12:55:51 | INFO | Using device: cuda
2019-04-25 12:55:51 | INFO | Loading dataset...
2019-04-25 12:55:52 | INFO | loading vocabulary file https://s3.amazonaws.com/models.huggingface.co/bert/bert-large-cased-vocab.txt from cache at /home/u/adamlin/.pytorch_pretrained_bert/cee054f6aafe5e2cf816d2228704e326446785f940f5451a5b26033516a4ac3d.e13dbb970cb325137104fb2e5f36fe865f27746c6b526f6352861b1980eb80b1
2019-04-25 12:55:53 | INFO | loading vocabulary file https://s3.amazonaws.com/models.huggingface.co/bert/bert-large-cased-vocab.txt from cache at /home/u/adamlin/.pytorch_pretrained_bert/cee054f6aafe5e2cf816d2228704e326446785f940f5451a5b26033516a4ac3d.e13dbb970cb325137104fb2e5f36fe865f27746c6b526f6352861b1980eb80b1
2019-04-25 12:55:53 | INFO | Constructing data loader...
2019-04-25 12:55:53 | INFO | Start training...
2019-04-25 12:56:13 | INFO | Model Folder: saved/correct/
2019-04-25 12:56:13 | INFO | Config: None
2019-04-25 12:56:13 | INFO | Using device: cuda
2019-04-25 12:56:13 | INFO | Loading dataset...
2019-04-25 12:56:16 | INFO | loading vocabulary file https://s3.amazonaws.com/models.huggingface.co/bert/bert-large-cased-vocab.txt from cache at /home/u/adamlin/.pytorch_pretrained_bert/cee054f6aafe5e2cf816d2228704e326446785f940f5451a5b26033516a4ac3d.e13dbb970cb325137104fb2e5f36fe865f27746c6b526f6352861b1980eb80b1
2019-04-25 12:56:17 | INFO | loading vocabulary file https://s3.amazonaws.com/models.huggingface.co/bert/bert-large-cased-vocab.txt from cache at /home/u/adamlin/.pytorch_pretrained_bert/cee054f6aafe5e2cf816d2228704e326446785f940f5451a5b26033516a4ac3d.e13dbb970cb325137104fb2e5f36fe865f27746c6b526f6352861b1980eb80b1
2019-04-25 12:56:17 | INFO | Constructing data loader...
2019-04-25 12:56:17 | INFO | Start training...
2019-04-25 12:56:47 | INFO | Model Folder: saved/correct/
2019-04-25 12:56:47 | INFO | Config: None
2019-04-25 12:56:47 | INFO | Using device: cuda
2019-04-25 12:56:47 | INFO | Loading dataset...
2019-04-25 12:56:48 | INFO | loading vocabulary file https://s3.amazonaws.com/models.huggingface.co/bert/bert-large-cased-vocab.txt from cache at /home/u/adamlin/.pytorch_pretrained_bert/cee054f6aafe5e2cf816d2228704e326446785f940f5451a5b26033516a4ac3d.e13dbb970cb325137104fb2e5f36fe865f27746c6b526f6352861b1980eb80b1
2019-04-25 12:56:49 | INFO | loading vocabulary file https://s3.amazonaws.com/models.huggingface.co/bert/bert-large-cased-vocab.txt from cache at /home/u/adamlin/.pytorch_pretrained_bert/cee054f6aafe5e2cf816d2228704e326446785f940f5451a5b26033516a4ac3d.e13dbb970cb325137104fb2e5f36fe865f27746c6b526f6352861b1980eb80b1
2019-04-25 12:56:49 | INFO | Constructing data loader...
2019-04-25 12:56:49 | INFO | Start training...
2019-04-25 12:56:50 | INFO | loading archive file https://s3.amazonaws.com/models.huggingface.co/bert/bert-large-cased.tar.gz from cache at /home/u/adamlin/.pytorch_pretrained_bert/7fb0534b83c42daee7d3ddb0ebaa81387925b71665d6ea195c5447f1077454cd.eea60d9ebb03c75bb36302aa9d241d3b7a04bba39c360cf035e8bf8140816233
2019-04-25 12:56:50 | INFO | extracting archive file /home/u/adamlin/.pytorch_pretrained_bert/7fb0534b83c42daee7d3ddb0ebaa81387925b71665d6ea195c5447f1077454cd.eea60d9ebb03c75bb36302aa9d241d3b7a04bba39c360cf035e8bf8140816233 to temp dir /tmp/tmpl5k22q5z
2019-04-25 12:57:03 | INFO | Model config {
  "attention_probs_dropout_prob": 0.1,
  "directionality": "bidi",
  "hidden_act": "gelu",
  "hidden_dropout_prob": 0.1,
  "hidden_size": 1024,
  "initializer_range": 0.02,
  "intermediate_size": 4096,
  "max_position_embeddings": 512,
  "num_attention_heads": 16,
  "num_hidden_layers": 24,
  "pooler_fc_size": 768,
  "pooler_num_attention_heads": 12,
  "pooler_num_fc_layers": 3,
  "pooler_size_per_head": 128,
  "pooler_type": "first_token_transform",
  "type_vocab_size": 2,
  "vocab_size": 28996
}

2019-04-25 12:57:13 | INFO | Weights of BertForSequenceClassification not initialized from pretrained model: ['classifier.weight', 'classifier.bias']
2019-04-25 12:57:13 | INFO | Weights from pretrained model not used in BertForSequenceClassification: ['cls.predictions.bias', 'cls.predictions.transform.dense.weight', 'cls.predictions.transform.dense.bias', 'cls.predictions.decoder.weight', 'cls.seq_relationship.weight', 'cls.seq_relationship.bias', 'cls.predictions.transform.LayerNorm.weight', 'cls.predictions.transform.LayerNorm.bias']
2019-04-25 13:59:27 | INFO | Model Folder: saved/correct/
2019-04-25 13:59:27 | INFO | Config: None
2019-04-25 13:59:27 | INFO | Using device: cuda
2019-04-25 13:59:27 | INFO | Loading dataset...
2019-04-25 13:59:30 | INFO | loading vocabulary file https://s3.amazonaws.com/models.huggingface.co/bert/bert-large-cased-vocab.txt from cache at /home/u/adamlin/.pytorch_pretrained_bert/cee054f6aafe5e2cf816d2228704e326446785f940f5451a5b26033516a4ac3d.e13dbb970cb325137104fb2e5f36fe865f27746c6b526f6352861b1980eb80b1
2019-04-25 13:59:31 | INFO | loading vocabulary file https://s3.amazonaws.com/models.huggingface.co/bert/bert-large-cased-vocab.txt from cache at /home/u/adamlin/.pytorch_pretrained_bert/cee054f6aafe5e2cf816d2228704e326446785f940f5451a5b26033516a4ac3d.e13dbb970cb325137104fb2e5f36fe865f27746c6b526f6352861b1980eb80b1
2019-04-25 13:59:31 | INFO | Constructing data loader...
2019-04-25 13:59:31 | INFO | Start training...
2019-04-25 13:59:32 | INFO | loading archive file https://s3.amazonaws.com/models.huggingface.co/bert/bert-large-cased.tar.gz from cache at /home/u/adamlin/.pytorch_pretrained_bert/7fb0534b83c42daee7d3ddb0ebaa81387925b71665d6ea195c5447f1077454cd.eea60d9ebb03c75bb36302aa9d241d3b7a04bba39c360cf035e8bf8140816233
2019-04-25 13:59:32 | INFO | extracting archive file /home/u/adamlin/.pytorch_pretrained_bert/7fb0534b83c42daee7d3ddb0ebaa81387925b71665d6ea195c5447f1077454cd.eea60d9ebb03c75bb36302aa9d241d3b7a04bba39c360cf035e8bf8140816233 to temp dir /tmp/tmp6xj4zb85
2019-04-25 13:59:44 | INFO | Model config {
  "attention_probs_dropout_prob": 0.1,
  "directionality": "bidi",
  "hidden_act": "gelu",
  "hidden_dropout_prob": 0.1,
  "hidden_size": 1024,
  "initializer_range": 0.02,
  "intermediate_size": 4096,
  "max_position_embeddings": 512,
  "num_attention_heads": 16,
  "num_hidden_layers": 24,
  "pooler_fc_size": 768,
  "pooler_num_attention_heads": 12,
  "pooler_num_fc_layers": 3,
  "pooler_size_per_head": 128,
  "pooler_type": "first_token_transform",
  "type_vocab_size": 2,
  "vocab_size": 28996
}

2019-04-25 13:59:57 | INFO | Weights of BertForSequenceClassification not initialized from pretrained model: ['classifier.weight', 'classifier.bias']
2019-04-25 13:59:57 | INFO | Weights from pretrained model not used in BertForSequenceClassification: ['cls.predictions.bias', 'cls.predictions.transform.dense.weight', 'cls.predictions.transform.dense.bias', 'cls.predictions.decoder.weight', 'cls.seq_relationship.weight', 'cls.seq_relationship.bias', 'cls.predictions.transform.LayerNorm.weight', 'cls.predictions.transform.LayerNorm.bias']
